TN:
SF:src/server.ts
FNF:0
FNH:0
DA:1,1
DA:2,1
DA:3,1
DA:4,1
DA:5,1
DA:6,1
DA:7,1
DA:8,1
DA:9,1
DA:10,0
DA:11,1
DA:12,1
DA:13,1
DA:14,1
DA:15,1
DA:16,1
DA:17,1
DA:18,1
DA:19,0
DA:20,0
DA:21,0
DA:22,1
LF:22
LH:18
BRF:0
BRH:0
end_of_record
TN:
SF:src/controllers/redemption.ts
FN:8,redeemGift
FN:44,checkTeamRedemption
FNF:2
FNH:1
FNDA:3,redeemGift
FNDA:0,checkTeamRedemption
DA:1,1
DA:2,1
DA:3,1
DA:4,1
DA:5,1
DA:6,1
DA:7,1
DA:8,1
DA:9,3
DA:10,3
DA:11,3
DA:12,3
DA:13,3
DA:14,3
DA:15,3
DA:16,3
DA:17,3
DA:18,1
DA:19,1
DA:20,1
DA:21,2
DA:22,2
DA:23,3
DA:24,3
DA:25,3
DA:26,3
DA:27,1
DA:28,1
DA:29,1
DA:30,1
DA:31,1
DA:32,1
DA:33,1
DA:34,1
DA:35,1
DA:36,1
DA:37,1
DA:38,3
DA:39,1
DA:40,1
DA:41,1
DA:42,1
DA:43,1
DA:44,1
DA:45,0
DA:46,0
DA:47,0
DA:48,0
DA:49,0
DA:50,0
DA:51,0
DA:52,0
DA:53,0
DA:54,0
DA:55,0
DA:56,0
DA:57,0
DA:58,0
DA:59,0
DA:60,0
DA:61,0
DA:62,0
DA:63,0
DA:64,0
LF:64
LH:44
BRDA:8,0,0,3
BRDA:11,1,0,3
BRDA:14,2,0,0
BRDA:14,3,0,0
BRDA:17,4,0,1
BRDA:21,5,0,2
BRDA:23,6,0,0
BRDA:23,7,0,2
BRDA:26,8,0,2
BRDA:26,9,0,1
BRF:10
BRH:7
end_of_record
TN:
SF:src/controllers/staff.ts
FN:11,getStaff
FN:28,initStaff
FNF:2
FNH:2
FNDA:2,getStaff
FNDA:1,initStaff
DA:1,1
DA:2,1
DA:3,1
DA:4,1
DA:5,1
DA:6,1
DA:7,1
DA:8,1
DA:9,1
DA:10,1
DA:11,1
DA:12,2
DA:13,2
DA:14,2
DA:15,2
DA:16,2
DA:17,2
DA:18,1
DA:19,1
DA:20,1
DA:21,1
DA:22,1
DA:23,1
DA:24,1
DA:25,1
DA:26,1
DA:27,1
DA:28,1
DA:29,1
DA:30,1
DA:31,1
DA:32,1
DA:33,1
DA:34,1
DA:35,1
DA:36,1
DA:37,1
DA:38,1
DA:39,1
DA:40,1
DA:41,1
DA:42,1
DA:43,1
DA:44,2
DA:45,2
DA:46,2
DA:47,2
DA:48,1
DA:49,1
DA:50,1
DA:51,2
DA:52,2
DA:53,2
DA:54,2
DA:55,2
DA:56,2
DA:57,2
DA:58,1
DA:59,1
DA:60,1
DA:61,1
DA:62,1
LF:62
LH:62
BRDA:11,0,0,2
BRDA:11,1,0,2
BRDA:14,2,0,0
BRDA:14,3,0,0
BRDA:17,4,0,1
BRDA:28,5,0,1
BRDA:28,6,0,1
BRDA:43,7,0,2
BRDA:49,8,0,1
BRDA:49,9,0,1
BRDA:50,10,0,2
BRF:11
BRH:9
end_of_record
